<?xml version="1.0" encoding="UTF-8"?>
<testng-results skipped="0" failed="0" ignored="0" total="3" passed="3">
  <reporter-output>
  </reporter-output>
  <suite name="Default suite" duration-ms="13461" started-at="2019-08-03T19:56:34Z" finished-at="2019-08-03T19:56:47Z">
    <groups>
    </groups>
    <test name="Default test" duration-ms="13461" started-at="2019-08-03T19:56:34Z" finished-at="2019-08-03T19:56:47Z">
      <class name="core.SafariTest">
        <test-method status="PASS" signature="BefTest()[pri:0, instance:core.SafariTest@54bff557]" name="BefTest" is-config="true" duration-ms="2945" started-at="2019-08-03T19:56:34Z" finished-at="2019-08-03T19:56:37Z">
          <reporter-output>
          </reporter-output>
        </test-method> <!-- BefTest -->
        <test-method status="PASS" signature="getCopyRightTest()[pri:0, instance:core.SafariTest@54bff557]" name="getCopyRightTest" duration-ms="29" started-at="2019-08-03T19:56:37Z" finished-at="2019-08-03T19:56:37Z">
          <reporter-output>
          </reporter-output>
        </test-method> <!-- getCopyRightTest -->
        <test-method status="PASS" signature="getTitleWebPageTest()[pri:0, instance:core.SafariTest@54bff557]" name="getTitleWebPageTest" duration-ms="11" started-at="2019-08-03T19:56:37Z" finished-at="2019-08-03T19:56:37Z">
          <reporter-output>
          </reporter-output>
        </test-method> <!-- getTitleWebPageTest -->
        <test-method status="PASS" signature="logInTest()[pri:0, instance:core.SafariTest@54bff557]" name="logInTest" duration-ms="10323" started-at="2019-08-03T19:56:37Z" finished-at="2019-08-03T19:56:47Z">
          <reporter-output>
          </reporter-output>
        </test-method> <!-- logInTest -->
        <test-method status="PASS" signature="AfTest()[pri:0, instance:core.SafariTest@54bff557]" name="AfTest" is-config="true" duration-ms="124" started-at="2019-08-03T19:56:47Z" finished-at="2019-08-03T19:56:47Z">
          <reporter-output>
          </reporter-output>
        </test-method> <!-- AfTest -->
      </class> <!-- core.SafariTest -->
    </test> <!-- Default test -->
  </suite> <!-- Default suite -->
</testng-results>
